<?xml version="1.0" encoding="UTF-8"?>
<!-- Generated by org.testng.reporters.JUnitReportReporter -->
<testsuite skipped="0" hostname="DESKTOP-L8GGCTK" name="com.angel.TestScripts.TestCase" tests="1" failures="0" timestamp="2020-01-06T17:52:22 IST" time="15.421" errors="0">
  <testcase name="TC1" time="15.421" classname="com.angel.TestScripts.TestCase"/>
</testsuite> <!-- com.angel.TestScripts.TestCase -->
