<?xml version="1.0" encoding="UTF-8"?>
<!-- Generated by org.testng.reporters.JUnitReportReporter -->
<testsuite skipped="0" hostname="DESKTOP-L8GGCTK" name="com.tgq.TestScripts.PTGQTestCase" tests="3" failures="0" timestamp="2020-01-27T12:11:26 IST" time="777.665" errors="0">
  <testcase name="TC1" time="259.125" classname="com.tgq.TestScripts.PTGQTestCase"/>
  <testcase name="TC1" time="259.201" classname="com.tgq.TestScripts.PTGQTestCase"/>
  <testcase name="TC1" time="259.339" classname="com.tgq.TestScripts.PTGQTestCase"/>
</testsuite> <!-- com.tgq.TestScripts.PTGQTestCase -->
