<?xml version="1.0" encoding="UTF-8"?>
<!-- Generated by org.testng.reporters.JUnitReportReporter -->
<testsuite skipped="0" hostname="DESKTOP-L8GGCTK" name="com.tgr.RegressionTestScripts.TGQTestCase" tests="1" failures="0" timestamp="2019-11-28T17:50:22 IST" time="93.849" errors="0">
  <testcase name="TC1" time="93.849" classname="com.tgr.RegressionTestScripts.TGQTestCase"/>
</testsuite> <!-- com.tgr.RegressionTestScripts.TGQTestCase -->
