<?xml version="1.0" encoding="UTF-8"?>
<!-- Generated by org.testng.reporters.JUnitReportReporter -->
<testsuite skipped="0" hostname="DESKTOP-L8GGCTK" name="com.tgr.RegressionTestScripts.TGRTestCase" tests="1" failures="0" timestamp="2019-11-27T15:52:03 IST" time="180.371" errors="0">
  <testcase name="TC1" time="180.371" classname="com.tgr.RegressionTestScripts.TGRTestCase"/>
</testsuite> <!-- com.tgr.RegressionTestScripts.TGRTestCase -->
