<?xml version="1.0" encoding="UTF-8"?>
<!-- Generated by org.testng.reporters.JUnitReportReporter -->
<testsuite skipped="0" hostname="DESKTOP-L8GGCTK" name="com.tgr.TestScripts.TGQTestCase" tests="6" failures="0" timestamp="2019-11-20T17:33:19 IST" time="1104.378" errors="0">
  <testcase name="TC1" time="186.266" classname="com.tgr.TestScripts.TGQTestCase"/>
  <testcase name="TC1" time="187.703" classname="com.tgr.TestScripts.TGQTestCase"/>
  <testcase name="TC1" time="158.394" classname="com.tgr.TestScripts.TGQTestCase"/>
  <testcase name="TC1" time="194.130" classname="com.tgr.TestScripts.TGQTestCase"/>
  <testcase name="TC1" time="188.261" classname="com.tgr.TestScripts.TGQTestCase"/>
  <testcase name="TC1" time="189.624" classname="com.tgr.TestScripts.TGQTestCase"/>
</testsuite> <!-- com.tgr.TestScripts.TGQTestCase -->
