<?xml version="1.0" encoding="UTF-8"?>
<!-- Generated by org.testng.reporters.JUnitReportReporter -->
<testsuite skipped="0" hostname="DESKTOP-L8GGCTK" name="com.tgr.TestScripts.TGRTestCase" tests="4" failures="0" timestamp="2019-11-20T17:33:19 IST" time="451.929" errors="0">
  <testcase name="TC1" time="120.504" classname="com.tgr.TestScripts.TGRTestCase"/>
  <testcase name="TC1" time="107.852" classname="com.tgr.TestScripts.TGRTestCase"/>
  <testcase name="TC1" time="104.572" classname="com.tgr.TestScripts.TGRTestCase"/>
  <testcase name="TC1" time="119.001" classname="com.tgr.TestScripts.TGRTestCase"/>
</testsuite> <!-- com.tgr.TestScripts.TGRTestCase -->
